2021-12-29 01:58:57,026 - Report Generator - DEBUG - Want to read: ./config/global_config.json
2021-12-29 01:58:57,029 - Report Generator - INFO - Have read global config from: ./config/global_config.json
2021-12-29 01:58:57,030 - Report Generator - DEBUG - Fields to ommit: ['Osoba sprawdzająca', 'Sygnatura czasowa', 'ID', 'ID', 'Godzina rozpoczęcia', 'Godzina ukończenia', 'Nazwa', 'Adres e-mail', 'Imię i nazwisko osoby sprawdzającej']
2021-12-29 01:58:57,035 - Report Generator - INFO - Will be reading data from /app/data/Arkusz.csv
2021-12-29 01:58:57,035 - Report Generator - INFO - Will be reading data from /app/data/Arkusz.csv
2021-12-29 01:58:57,572 - Report Generator - INFO - Reports will be put into /appreports
2021-12-29 01:58:57,572 - Report Generator - INFO - Reports will be put into /appreports
2021-12-29 01:58:57,573 - Report Generator - DEBUG - Folder /appreports had to be created
2021-12-29 01:58:57,573 - Report Generator - DEBUG - Folder /appreports had to be created
2021-12-29 01:58:57,588 - Report Generator - DEBUG - Generated /app/reports/sprawdzenie_programu_pracy_15BDW.html
2021-12-29 01:58:57,588 - Report Generator - DEBUG - Generated /app/reports/sprawdzenie_programu_pracy_15BDW.html
2021-12-29 01:58:58,419 - Report Generator - DEBUG - Generated /app/reports/sprawdzenie_programu_pracy_39BDSh.html
2021-12-29 01:58:58,419 - Report Generator - DEBUG - Generated /app/reports/sprawdzenie_programu_pracy_39BDSh.html
2021-12-29 01:58:59,176 - Report Generator - DEBUG - Generated /app/reports/sprawdzenie_programu_pracy_44BDO.html
2021-12-29 01:58:59,176 - Report Generator - DEBUG - Generated /app/reports/sprawdzenie_programu_pracy_44BDO.html
2021-12-29 01:59:00,050 - Report Generator - DEBUG - Generated /app/reports/sprawdzenie_programu_pracy_50BDSh.html
2021-12-29 01:59:00,050 - Report Generator - DEBUG - Generated /app/reports/sprawdzenie_programu_pracy_50BDSh.html
2021-12-29 01:59:00,784 - Report Generator - DEBUG - Generated /app/reports/sprawdzenie_programu_pracy_84BDL.html
2021-12-29 01:59:00,784 - Report Generator - DEBUG - Generated /app/reports/sprawdzenie_programu_pracy_84BDL.html
2021-12-29 01:59:01,602 - Report Generator - DEBUG - Generated /app/reports/sprawdzenie_programu_pracy_155BDH.html
2021-12-29 01:59:01,602 - Report Generator - DEBUG - Generated /app/reports/sprawdzenie_programu_pracy_155BDH.html
2021-12-29 01:59:02,592 - Report Generator - DEBUG - Generated /app/reports/sprawdzenie_programu_pracy_99BDH.html
2021-12-29 01:59:02,592 - Report Generator - DEBUG - Generated /app/reports/sprawdzenie_programu_pracy_99BDH.html
2021-12-29 01:59:03,378 - Report Generator - DEBUG - Generated /app/reports/sprawdzenie_programu_pracy_140BDH.html
2021-12-29 01:59:03,378 - Report Generator - DEBUG - Generated /app/reports/sprawdzenie_programu_pracy_140BDH.html
2021-12-29 01:59:04,087 - Report Generator - DEBUG - Generated /app/reports/sprawdzenie_programu_pracy_93BDH.html
2021-12-29 01:59:04,087 - Report Generator - DEBUG - Generated /app/reports/sprawdzenie_programu_pracy_93BDH.html
2021-12-29 01:59:04,789 - Report Generator - DEBUG - Generated /app/reports/sprawdzenie_programu_pracy_63BDH.html
2021-12-29 01:59:04,789 - Report Generator - DEBUG - Generated /app/reports/sprawdzenie_programu_pracy_63BDH.html
2021-12-29 01:59:05,612 - Report Generator - DEBUG - Generated /app/reports/sprawdzenie_programu_pracy_50BDH.html
2021-12-29 01:59:05,612 - Report Generator - DEBUG - Generated /app/reports/sprawdzenie_programu_pracy_50BDH.html
2021-12-29 01:59:06,334 - Report Generator - DEBUG - Generated /app/reports/sprawdzenie_programu_pracy_153BDH.html
2021-12-29 01:59:06,334 - Report Generator - DEBUG - Generated /app/reports/sprawdzenie_programu_pracy_153BDH.html
2021-12-29 01:59:07,148 - Report Generator - DEBUG - Generated /app/reports/sprawdzenie_programu_pracy_47GDH.html
2021-12-29 01:59:07,148 - Report Generator - DEBUG - Generated /app/reports/sprawdzenie_programu_pracy_47GDH.html
2021-12-29 01:59:07,921 - Report Generator - DEBUG - Generated /app/reports/sprawdzenie_programu_pracy_16BGZ.html
2021-12-29 01:59:07,921 - Report Generator - DEBUG - Generated /app/reports/sprawdzenie_programu_pracy_16BGZ.html
2021-12-29 01:59:09,026 - Report Generator - DEBUG - Generated /app/reports/sprawdzenie_programu_pracy_11BGZ.html
2021-12-29 01:59:09,026 - Report Generator - DEBUG - Generated /app/reports/sprawdzenie_programu_pracy_11BGZ.html
2021-12-29 01:59:09,784 - Report Generator - DEBUG - Generated /app/reports/sprawdzenie_programu_pracy_51BGZ.html
2021-12-29 01:59:09,784 - Report Generator - DEBUG - Generated /app/reports/sprawdzenie_programu_pracy_51BGZ.html
2021-12-29 01:59:10,579 - Report Generator - DEBUG - Generated /app/reports/sprawdzenie_programu_pracy_14BDSh.html
2021-12-29 01:59:10,579 - Report Generator - DEBUG - Generated /app/reports/sprawdzenie_programu_pracy_14BDSh.html
2021-12-29 01:59:11,409 - Report Generator - DEBUG - Generated /app/reports/sprawdzenie_programu_pracy_11BDH.html
2021-12-29 01:59:11,409 - Report Generator - DEBUG - Generated /app/reports/sprawdzenie_programu_pracy_11BDH.html
2021-12-29 01:59:12,178 - Report Generator - DEBUG - Generated /app/reports/sprawdzenie_programu_pracy_156BGZ.html
2021-12-29 01:59:12,178 - Report Generator - DEBUG - Generated /app/reports/sprawdzenie_programu_pracy_156BGZ.html
2021-12-29 01:59:12,933 - Report Generator - DEBUG - Generated /app/reports/sprawdzenie_programu_pracy_4BDH.html
2021-12-29 01:59:12,933 - Report Generator - DEBUG - Generated /app/reports/sprawdzenie_programu_pracy_4BDH.html
2021-12-29 01:59:13,771 - Report Generator - DEBUG - Generated /app/reports/sprawdzenie_programu_pracy_18BDR.html
2021-12-29 01:59:13,771 - Report Generator - DEBUG - Generated /app/reports/sprawdzenie_programu_pracy_18BDR.html
2021-12-29 01:59:14,583 - Report Generator - DEBUG - Generated /app/reports/sprawdzenie_programu_pracy_41BDH.html
2021-12-29 01:59:14,583 - Report Generator - DEBUG - Generated /app/reports/sprawdzenie_programu_pracy_41BDH.html
2021-12-29 01:59:15,425 - Report Generator - DEBUG - Generated /app/reports/sprawdzenie_programu_pracy_5BGZ.html
2021-12-29 01:59:15,425 - Report Generator - DEBUG - Generated /app/reports/sprawdzenie_programu_pracy_5BGZ.html
2021-12-29 01:59:16,304 - Report Generator - DEBUG - Generated /app/reports/sprawdzenie_programu_pracy_9BDH.html
2021-12-29 01:59:16,304 - Report Generator - DEBUG - Generated /app/reports/sprawdzenie_programu_pracy_9BDH.html
2021-12-29 01:59:17,038 - Report Generator - DEBUG - Generated /app/reports/sprawdzenie_programu_pracy_50BGZ.html
2021-12-29 01:59:17,038 - Report Generator - DEBUG - Generated /app/reports/sprawdzenie_programu_pracy_50BGZ.html
2021-12-29 01:59:17,756 - Report Generator - DEBUG - Generated /app/reports/sprawdzenie_programu_pracy_15BDH.html
2021-12-29 01:59:17,756 - Report Generator - DEBUG - Generated /app/reports/sprawdzenie_programu_pracy_15BDH.html
2021-12-29 01:59:18,610 - Report Generator - DEBUG - Generated /app/reports/sprawdzenie_programu_pracy_72BDH.html
2021-12-29 01:59:18,610 - Report Generator - DEBUG - Generated /app/reports/sprawdzenie_programu_pracy_72BDH.html
2021-12-29 01:59:19,451 - Report Generator - DEBUG - Generated /app/reports/sprawdzenie_programu_pracy_40GBDW.html
2021-12-29 01:59:19,451 - Report Generator - DEBUG - Generated /app/reports/sprawdzenie_programu_pracy_40GBDW.html
2021-12-29 01:59:20,192 - Report Generator - DEBUG - Generated /app/reports/sprawdzenie_programu_pracy_141BDW.html
2021-12-29 01:59:20,192 - Report Generator - DEBUG - Generated /app/reports/sprawdzenie_programu_pracy_141BDW.html
2021-12-29 01:59:20,929 - Report Generator - DEBUG - Generated /app/reports/sprawdzenie_programu_pracy_96BDW.html
2021-12-29 01:59:20,929 - Report Generator - DEBUG - Generated /app/reports/sprawdzenie_programu_pracy_96BDW.html
2021-12-29 01:59:21,735 - Report Generator - DEBUG - Generated /app/reports/sprawdzenie_programu_pracy_102BDH.html
2021-12-29 01:59:21,735 - Report Generator - DEBUG - Generated /app/reports/sprawdzenie_programu_pracy_102BDH.html
2021-12-29 01:59:22,422 - Report Generator - DEBUG - Generated /app/reports/sprawdzenie_programu_pracy_44GBGZ.html
2021-12-29 01:59:22,422 - Report Generator - DEBUG - Generated /app/reports/sprawdzenie_programu_pracy_44GBGZ.html
2021-12-29 01:59:23,096 - Report Generator - DEBUG - Generated /app/reports/sprawdzenie_programu_pracy_129BDSh.html
2021-12-29 01:59:23,096 - Report Generator - DEBUG - Generated /app/reports/sprawdzenie_programu_pracy_129BDSh.html
2021-12-29 01:59:23,921 - Report Generator - DEBUG - Generated /app/reports/sprawdzenie_programu_pracy_7BDH.html
2021-12-29 01:59:23,921 - Report Generator - DEBUG - Generated /app/reports/sprawdzenie_programu_pracy_7BDH.html
2021-12-29 01:59:24,629 - Report Generator - DEBUG - Generated /app/reports/sprawdzenie_programu_pracy_99BDW.html
2021-12-29 01:59:24,629 - Report Generator - DEBUG - Generated /app/reports/sprawdzenie_programu_pracy_99BDW.html
2021-12-29 01:59:25,384 - Report Generator - DEBUG - Generated /app/reports/sprawdzenie_programu_pracy_36BDSh.html
2021-12-29 01:59:25,384 - Report Generator - DEBUG - Generated /app/reports/sprawdzenie_programu_pracy_36BDSh.html
2021-12-29 01:59:26,067 - Report Generator - DEBUG - Generated /app/reports/sprawdzenie_programu_pracy_43BDSh.html
2021-12-29 01:59:26,067 - Report Generator - DEBUG - Generated /app/reports/sprawdzenie_programu_pracy_43BDSh.html
2021-12-29 01:59:26,798 - Report Generator - DEBUG - Generated /app/reports/sprawdzenie_programu_pracy_101GZ.html
2021-12-29 01:59:26,798 - Report Generator - DEBUG - Generated /app/reports/sprawdzenie_programu_pracy_101GZ.html
2021-12-29 01:59:27,503 - Report Generator - DEBUG - Generated /app/reports/sprawdzenie_programu_pracy_15BDSh.html
2021-12-29 01:59:27,503 - Report Generator - DEBUG - Generated /app/reports/sprawdzenie_programu_pracy_15BDSh.html
2021-12-29 01:59:28,189 - Report Generator - DEBUG - Generated /app/reports/sprawdzenie_programu_pracy_118BDH.html
2021-12-29 01:59:28,189 - Report Generator - DEBUG - Generated /app/reports/sprawdzenie_programu_pracy_118BDH.html
2021-12-29 01:59:28,862 - Report Generator - DEBUG - Generated /app/reports/sprawdzenie_programu_pracy_17BGZ.html
2021-12-29 01:59:28,862 - Report Generator - DEBUG - Generated /app/reports/sprawdzenie_programu_pracy_17BGZ.html
2021-12-29 01:59:29,586 - Report Generator - DEBUG - Generated /app/reports/sprawdzenie_programu_pracy_69BDH.html
2021-12-29 01:59:29,586 - Report Generator - DEBUG - Generated /app/reports/sprawdzenie_programu_pracy_69BDH.html
2021-12-29 01:59:30,593 - Report Generator - DEBUG - Generated /app/reports/sprawdzenie_programu_pracy_51BDW.html
2021-12-29 01:59:30,593 - Report Generator - DEBUG - Generated /app/reports/sprawdzenie_programu_pracy_51BDW.html
2021-12-29 01:59:31,296 - Report Generator - DEBUG - Generated /app/reports/sprawdzenie_programu_pracy_72BDSh.html
2021-12-29 01:59:31,296 - Report Generator - DEBUG - Generated /app/reports/sprawdzenie_programu_pracy_72BDSh.html
2021-12-29 01:59:32,035 - Report Generator - DEBUG - Generated /app/reports/sprawdzenie_programu_pracy_104BDSH.html
2021-12-29 01:59:32,035 - Report Generator - DEBUG - Generated /app/reports/sprawdzenie_programu_pracy_104BDSH.html
2021-12-29 01:59:32,778 - Report Generator - DEBUG - Generated /app/reports/sprawdzenie_programu_pracy_49BWDSh.html
2021-12-29 01:59:32,778 - Report Generator - DEBUG - Generated /app/reports/sprawdzenie_programu_pracy_49BWDSh.html
2021-12-29 01:59:33,515 - Report Generator - DEBUG - Generated /app/reports/sprawdzenie_programu_pracy_193BGZ.html
2021-12-29 01:59:33,515 - Report Generator - DEBUG - Generated /app/reports/sprawdzenie_programu_pracy_193BGZ.html
2021-12-29 01:59:34,293 - Report Generator - DEBUG - Generated /app/reports/sprawdzenie_programu_pracy_PróbnaBGZChatkaPuchatka.html
2021-12-29 01:59:34,293 - Report Generator - DEBUG - Generated /app/reports/sprawdzenie_programu_pracy_PróbnaBGZChatkaPuchatka.html
2021-12-29 01:59:34,973 - Report Generator - DEBUG - Generated /app/reports/sprawdzenie_programu_pracy_2DH.html
2021-12-29 01:59:34,973 - Report Generator - DEBUG - Generated /app/reports/sprawdzenie_programu_pracy_2DH.html
2021-12-29 01:59:35,731 - Report Generator - DEBUG - Generated /app/reports/sprawdzenie_programu_pracy_28BDH.html
2021-12-29 01:59:35,731 - Report Generator - DEBUG - Generated /app/reports/sprawdzenie_programu_pracy_28BDH.html
2021-12-29 01:59:36,415 - Report Generator - DEBUG - Generated /app/reports/sprawdzenie_programu_pracy_105DH.html
2021-12-29 01:59:36,415 - Report Generator - DEBUG - Generated /app/reports/sprawdzenie_programu_pracy_105DH.html
2021-12-29 01:59:37,122 - Report Generator - DEBUG - Generated /app/reports/sprawdzenie_programu_pracy_93BGZ.html
2021-12-29 01:59:37,122 - Report Generator - DEBUG - Generated /app/reports/sprawdzenie_programu_pracy_93BGZ.html
2021-12-29 01:59:37,812 - Report Generator - DEBUG - Generated /app/reports/sprawdzenie_programu_pracy_173BDH.html
2021-12-29 01:59:37,812 - Report Generator - DEBUG - Generated /app/reports/sprawdzenie_programu_pracy_173BDH.html
2021-12-29 01:59:38,600 - Report Generator - DEBUG - Generated /app/reports/sprawdzenie_programu_pracy_137BDH.html
2021-12-29 01:59:38,600 - Report Generator - DEBUG - Generated /app/reports/sprawdzenie_programu_pracy_137BDH.html
2021-12-29 01:59:39,366 - Report Generator - DEBUG - Generated /app/reports/sprawdzenie_programu_pracy_34BDH.html
2021-12-29 01:59:39,366 - Report Generator - DEBUG - Generated /app/reports/sprawdzenie_programu_pracy_34BDH.html
2021-12-29 01:59:40,063 - Report Generator - DEBUG - Generated /app/reports/sprawdzenie_programu_pracy_1ChDH.html
2021-12-29 01:59:40,063 - Report Generator - DEBUG - Generated /app/reports/sprawdzenie_programu_pracy_1ChDH.html
2021-12-29 01:59:41,846 - Report Generator - DEBUG - Generated /app/reports/sprawdzenie_programu_pracy_10BDH.html
2021-12-29 01:59:41,846 - Report Generator - DEBUG - Generated /app/reports/sprawdzenie_programu_pracy_10BDH.html
2021-12-29 01:59:42,592 - Report Generator - DEBUG - Generated /app/reports/sprawdzenie_programu_pracy_33BGZ.html
2021-12-29 01:59:42,592 - Report Generator - DEBUG - Generated /app/reports/sprawdzenie_programu_pracy_33BGZ.html
2021-12-29 01:59:43,287 - Report Generator - DEBUG - Generated /app/reports/sprawdzenie_programu_pracy_1ChGO.html
2021-12-29 01:59:43,287 - Report Generator - DEBUG - Generated /app/reports/sprawdzenie_programu_pracy_1ChGO.html
2021-12-29 01:59:44,286 - Report Generator - DEBUG - Generated /app/reports/sprawdzenie_programu_pracy_99BGZ.html
2021-12-29 01:59:44,286 - Report Generator - DEBUG - Generated /app/reports/sprawdzenie_programu_pracy_99BGZ.html
2021-12-29 01:59:45,066 - Report Generator - DEBUG - Generated /app/reports/sprawdzenie_programu_pracy_103BGZ.html
2021-12-29 01:59:45,066 - Report Generator - DEBUG - Generated /app/reports/sprawdzenie_programu_pracy_103BGZ.html
2021-12-29 01:59:45,926 - Report Generator - DEBUG - Generated /app/reports/sprawdzenie_programu_pracy_140BGZ.html
2021-12-29 01:59:45,926 - Report Generator - DEBUG - Generated /app/reports/sprawdzenie_programu_pracy_140BGZ.html
2021-12-29 01:59:46,718 - Report Generator - DEBUG - Generated /app/reports/sprawdzenie_programu_pracy_30BGZ.html
2021-12-29 01:59:46,718 - Report Generator - DEBUG - Generated /app/reports/sprawdzenie_programu_pracy_30BGZ.html
2021-12-29 01:59:47,475 - Report Generator - DEBUG - Generated /app/reports/sprawdzenie_programu_pracy_8p.BDH.html
2021-12-29 01:59:47,475 - Report Generator - DEBUG - Generated /app/reports/sprawdzenie_programu_pracy_8p.BDH.html
2021-12-29 01:59:48,215 - Report Generator - DEBUG - Generated /app/reports/sprawdzenie_programu_pracy_1DH.html
2021-12-29 01:59:48,215 - Report Generator - DEBUG - Generated /app/reports/sprawdzenie_programu_pracy_1DH.html
2021-12-29 01:59:48,927 - Report Generator - DEBUG - Generated /app/reports/sprawdzenie_programu_pracy_TEST.html
2021-12-29 01:59:48,927 - Report Generator - DEBUG - Generated /app/reports/sprawdzenie_programu_pracy_TEST.html
2021-12-29 01:59:49,622 - Report Generator - DEBUG - Generated /app/reports/sprawdzenie_programu_pracy_33BDH.html
2021-12-29 01:59:49,622 - Report Generator - DEBUG - Generated /app/reports/sprawdzenie_programu_pracy_33BDH.html
2021-12-29 01:59:50,493 - Report Generator - DEBUG - Generated /app/reports/sprawdzenie_programu_pracy_45BDH.html
2021-12-29 01:59:50,493 - Report Generator - DEBUG - Generated /app/reports/sprawdzenie_programu_pracy_45BDH.html
2021-12-29 01:59:51,365 - Report Generator - DEBUG - Generated /app/reports/sprawdzenie_programu_pracy_66BDM.html
2021-12-29 01:59:51,365 - Report Generator - DEBUG - Generated /app/reports/sprawdzenie_programu_pracy_66BDM.html
2021-12-29 01:59:52,120 - Report Generator - DEBUG - Generated /app/reports/sprawdzenie_programu_pracy_78KDH.html
2021-12-29 01:59:52,120 - Report Generator - DEBUG - Generated /app/reports/sprawdzenie_programu_pracy_78KDH.html
2021-12-29 01:59:52,826 - Report Generator - DEBUG - Generated /app/reports/sprawdzenie_programu_pracy_17BDSh.html
2021-12-29 01:59:52,826 - Report Generator - DEBUG - Generated /app/reports/sprawdzenie_programu_pracy_17BDSh.html
2021-12-29 01:59:53,558 - Report Generator - DEBUG - Generated /app/reports/sprawdzenie_programu_pracy_125BDH.html
2021-12-29 01:59:53,558 - Report Generator - DEBUG - Generated /app/reports/sprawdzenie_programu_pracy_125BDH.html
2021-12-29 01:59:54,327 - Report Generator - DEBUG - Generated /app/reports/sprawdzenie_programu_pracy_18BDSh.html
2021-12-29 01:59:54,327 - Report Generator - DEBUG - Generated /app/reports/sprawdzenie_programu_pracy_18BDSh.html
2021-12-29 01:59:55,107 - Report Generator - DEBUG - Generated /app/reports/sprawdzenie_programu_pracy_163BDH.html
2021-12-29 01:59:55,107 - Report Generator - DEBUG - Generated /app/reports/sprawdzenie_programu_pracy_163BDH.html
2021-12-29 01:59:55,855 - Report Generator - DEBUG - Generated /app/reports/sprawdzenie_programu_pracy_48BDR.html
2021-12-29 01:59:55,855 - Report Generator - DEBUG - Generated /app/reports/sprawdzenie_programu_pracy_48BDR.html
2021-12-29 01:59:56,570 - Report Generator - DEBUG - Generated /app/reports/sprawdzenie_programu_pracy_99BDSh.html
2021-12-29 01:59:56,570 - Report Generator - DEBUG - Generated /app/reports/sprawdzenie_programu_pracy_99BDSh.html
2021-12-29 01:59:57,266 - Report Generator - DEBUG - Generated /app/reports/sprawdzenie_programu_pracy_155BGZ.html
2021-12-29 01:59:57,266 - Report Generator - DEBUG - Generated /app/reports/sprawdzenie_programu_pracy_155BGZ.html
2021-12-29 01:59:58,153 - Report Generator - DEBUG - Generated /app/reports/sprawdzenie_programu_pracy_56BDSh.html
2021-12-29 01:59:58,153 - Report Generator - DEBUG - Generated /app/reports/sprawdzenie_programu_pracy_56BDSh.html
2021-12-29 01:59:59,170 - Report Generator - DEBUG - Generated /app/reports/sprawdzenie_programu_pracy_174BDH.html
2021-12-29 01:59:59,170 - Report Generator - DEBUG - Generated /app/reports/sprawdzenie_programu_pracy_174BDH.html
2021-12-29 02:00:00,157 - Report Generator - DEBUG - Generated /app/reports/sprawdzenie_programu_pracy_51BDH.html
2021-12-29 02:00:00,157 - Report Generator - DEBUG - Generated /app/reports/sprawdzenie_programu_pracy_51BDH.html
2021-12-29 02:00:01,097 - Report Generator - DEBUG - Generated /app/reports/sprawdzenie_programu_pracy_33GDSh.html
2021-12-29 02:00:01,097 - Report Generator - DEBUG - Generated /app/reports/sprawdzenie_programu_pracy_33GDSh.html
2021-12-29 02:00:01,831 - Report Generator - DEBUG - Generated /app/reports/sprawdzenie_programu_pracy_137BDSh.html
2021-12-29 02:00:01,831 - Report Generator - DEBUG - Generated /app/reports/sprawdzenie_programu_pracy_137BDSh.html
2021-12-29 02:00:02,598 - Report Generator - DEBUG - Generated /app/reports/sprawdzenie_programu_pracy_29BDW.html
2021-12-29 02:00:02,598 - Report Generator - DEBUG - Generated /app/reports/sprawdzenie_programu_pracy_29BDW.html
2021-12-29 02:00:03,411 - Report Generator - DEBUG - Generated /app/reports/sprawdzenie_programu_pracy_88BDW.html
2021-12-29 02:00:03,411 - Report Generator - DEBUG - Generated /app/reports/sprawdzenie_programu_pracy_88BDW.html
2021-12-29 02:00:04,242 - Report Generator - DEBUG - Generated /app/reports/sprawdzenie_programu_pracy_40BDP.html
2021-12-29 02:00:04,242 - Report Generator - DEBUG - Generated /app/reports/sprawdzenie_programu_pracy_40BDP.html
2021-12-29 02:00:05,014 - Report Generator - DEBUG - Generated /app/reports/sprawdzenie_programu_pracy_79BDH.html
2021-12-29 02:00:05,014 - Report Generator - DEBUG - Generated /app/reports/sprawdzenie_programu_pracy_79BDH.html
2021-12-29 02:00:05,798 - Report Generator - DEBUG - Generated /app/reports/sprawdzenie_programu_pracy_50BDW.html
2021-12-29 02:00:05,798 - Report Generator - DEBUG - Generated /app/reports/sprawdzenie_programu_pracy_50BDW.html
2021-12-29 02:00:06,510 - Report Generator - DEBUG - Generated /app/reports/sprawdzenie_programu_pracy_1SGZ.html
2021-12-29 02:00:06,510 - Report Generator - DEBUG - Generated /app/reports/sprawdzenie_programu_pracy_1SGZ.html
2021-12-29 02:00:07,458 - Report Generator - DEBUG - Generated /app/reports/sprawdzenie_programu_pracy_137BGZ.html
2021-12-29 02:00:07,458 - Report Generator - DEBUG - Generated /app/reports/sprawdzenie_programu_pracy_137BGZ.html
2021-12-29 02:00:08,616 - Report Generator - DEBUG - Generated /app/reports/sprawdzenie_programu_pracy_3BGZ.html
2021-12-29 02:00:08,616 - Report Generator - DEBUG - Generated /app/reports/sprawdzenie_programu_pracy_3BGZ.html
2021-12-29 02:00:09,359 - Report Generator - DEBUG - Generated /app/reports/sprawdzenie_programu_pracy_7ŁDSh.html
2021-12-29 02:00:09,359 - Report Generator - DEBUG - Generated /app/reports/sprawdzenie_programu_pracy_7ŁDSh.html
2021-12-29 02:00:10,245 - Report Generator - DEBUG - Generated /app/reports/sprawdzenie_programu_pracy_8BGZ.html
2021-12-29 02:00:10,245 - Report Generator - DEBUG - Generated /app/reports/sprawdzenie_programu_pracy_8BGZ.html
2021-12-29 02:00:11,388 - Report Generator - DEBUG - Generated /app/reports/sprawdzenie_programu_pracy_89BGZ.html
2021-12-29 02:00:11,388 - Report Generator - DEBUG - Generated /app/reports/sprawdzenie_programu_pracy_89BGZ.html
2021-12-29 02:00:12,249 - Report Generator - DEBUG - Generated /app/reports/sprawdzenie_programu_pracy_40BGZ.html
2021-12-29 02:00:12,249 - Report Generator - DEBUG - Generated /app/reports/sprawdzenie_programu_pracy_40BGZ.html
2021-12-29 02:00:13,024 - Report Generator - DEBUG - Generated /app/reports/sprawdzenie_programu_pracy_15BGZ.html
2021-12-29 02:00:13,024 - Report Generator - DEBUG - Generated /app/reports/sprawdzenie_programu_pracy_15BGZ.html
2021-12-29 02:00:13,800 - Report Generator - DEBUG - Generated /app/reports/sprawdzenie_programu_pracy_4BGZ.html
2021-12-29 02:00:13,800 - Report Generator - DEBUG - Generated /app/reports/sprawdzenie_programu_pracy_4BGZ.html
2021-12-29 02:00:14,504 - Report Generator - DEBUG - Generated /app/reports/sprawdzenie_programu_pracy_34BGZMaliWędrowcy.html
2021-12-29 02:00:14,504 - Report Generator - DEBUG - Generated /app/reports/sprawdzenie_programu_pracy_34BGZMaliWędrowcy.html
2021-12-29 02:00:15,494 - Report Generator - DEBUG - Generated /app/reports/sprawdzenie_programu_pracy_75BDH.html
2021-12-29 02:00:15,494 - Report Generator - DEBUG - Generated /app/reports/sprawdzenie_programu_pracy_75BDH.html
2021-12-29 02:00:16,323 - Report Generator - DEBUG - Generated /app/reports/sprawdzenie_programu_pracy_19BGZ.html
2021-12-29 02:00:16,323 - Report Generator - DEBUG - Generated /app/reports/sprawdzenie_programu_pracy_19BGZ.html
2021-12-29 02:00:17,137 - Report Generator - DEBUG - Generated /app/reports/sprawdzenie_programu_pracy_94BGZ.html
2021-12-29 02:00:17,137 - Report Generator - DEBUG - Generated /app/reports/sprawdzenie_programu_pracy_94BGZ.html
2021-12-29 02:00:17,985 - Report Generator - DEBUG - Generated /app/reports/sprawdzenie_programu_pracy_25BDW.html
2021-12-29 02:00:17,985 - Report Generator - DEBUG - Generated /app/reports/sprawdzenie_programu_pracy_25BDW.html
2021-12-29 02:00:18,772 - Report Generator - DEBUG - Generated /app/reports/sprawdzenie_programu_pracy_34BDW.html
2021-12-29 02:00:18,772 - Report Generator - DEBUG - Generated /app/reports/sprawdzenie_programu_pracy_34BDW.html
2021-12-29 02:00:19,484 - Report Generator - INFO - Successfully created 102 reports
2021-12-29 02:00:19,484 - Report Generator - INFO - Successfully created 102 reports
